build/app/intermediates/manifest_merge_blame_file/debug/manifest-merger-blame-debug-report.txt
1<?xml version="1.0" encoding="utf-8"?>
2<manifest xmlns:android="http://schemas.android.com/apk/res/android"
3    package="com.example.iot_app"
4    android:versionCode="1"
5    android:versionName="1.0.0" >
6
7    <uses-sdk
8        android:minSdkVersion="20"
9        android:targetSdkVersion="33" />
10    <!--
11         The INTERNET permission is required for development. Specifically,
12         the Flutter tool needs it to communicate with the running application
13         to allow setting breakpoints, to provide hot reload, etc.
14    -->
15    <uses-permission android:name="android.permission.INTERNET" />
15-->src\debug\AndroidManifest.xml:6:5-66
15-->src\debug\AndroidManifest.xml:6:22-64
16    <!-- Add these permissions -->
17    <uses-permission android:name="android.permission.CAMERA" />
17-->src\main\AndroidManifest.xml:6:5-65
17-->src\main\AndroidManifest.xml:6:22-62
18
19    <uses-feature android:name="android.hardware.camera" />
19-->src\main\AndroidManifest.xml:7:5-60
19-->src\main\AndroidManifest.xml:7:19-57
20    <uses-feature android:name="android.hardware.camera.autofocus" />
20-->src\main\AndroidManifest.xml:8:5-70
20-->src\main\AndroidManifest.xml:8:19-67
21
22    <permission
22-->[androidx.core:core:1.10.1] AndroidManifest.xml:22:5-24:47
23        android:name="com.example.iot_app.DYNAMIC_RECEIVER_NOT_EXPORTED_PERMISSION"
23-->[androidx.core:core:1.10.1] AndroidManifest.xml:23:9-81
24        android:protectionLevel="signature" />
24-->[androidx.core:core:1.10.1] AndroidManifest.xml:24:9-44
25
26    <uses-permission android:name="com.example.iot_app.DYNAMIC_RECEIVER_NOT_EXPORTED_PERMISSION" />
26-->[androidx.core:core:1.10.1] AndroidManifest.xml:26:5-97
26-->[androidx.core:core:1.10.1] AndroidManifest.xml:26:22-94
27
28    <uses-feature
28-->[com.journeyapps:zxing-android-embedded:4.3.0] AndroidManifest.xml:28:5-30:36
29        android:name="android.hardware.camera.front"
29-->[com.journeyapps:zxing-android-embedded:4.3.0] AndroidManifest.xml:29:9-53
30        android:required="false" />
30-->[com.journeyapps:zxing-android-embedded:4.3.0] AndroidManifest.xml:30:9-33
31    <uses-feature
31-->[com.journeyapps:zxing-android-embedded:4.3.0] AndroidManifest.xml:36:5-38:36
32        android:name="android.hardware.camera.flash"
32-->[com.journeyapps:zxing-android-embedded:4.3.0] AndroidManifest.xml:37:9-53
33        android:required="false" />
33-->[com.journeyapps:zxing-android-embedded:4.3.0] AndroidManifest.xml:38:9-33
34    <uses-feature
34-->[com.journeyapps:zxing-android-embedded:4.3.0] AndroidManifest.xml:39:5-41:36
35        android:name="android.hardware.screen.landscape"
35-->[com.journeyapps:zxing-android-embedded:4.3.0] AndroidManifest.xml:40:9-57
36        android:required="false" />
36-->[com.journeyapps:zxing-android-embedded:4.3.0] AndroidManifest.xml:41:9-33
37    <uses-feature
37-->[com.journeyapps:zxing-android-embedded:4.3.0] AndroidManifest.xml:42:5-44:36
38        android:name="android.hardware.wifi"
38-->[com.journeyapps:zxing-android-embedded:4.3.0] AndroidManifest.xml:43:9-45
39        android:required="false" />
39-->[com.journeyapps:zxing-android-embedded:4.3.0] AndroidManifest.xml:44:9-33
40
41    <application
41-->src\main\AndroidManifest.xml:10:5-37:19
42        android:name="androidx.multidex.MultiDexApplication"
43        android:appComponentFactory="androidx.core.app.CoreComponentFactory"
43-->[androidx.core:core:1.10.1] AndroidManifest.xml:28:18-86
44        android:debuggable="true"
45        android:icon="@mipmap/ic_launcher"
45-->src\main\AndroidManifest.xml:12:9-43
46        android:label="Your App Name"
46-->src\main\AndroidManifest.xml:11:9-38
47        android:usesCleartextTraffic="true" >
47-->src\main\AndroidManifest.xml:13:9-44
48        <activity
48-->src\main\AndroidManifest.xml:15:9-32:20
49            android:name="com.example.iot_app.MainActivity"
49-->src\main\AndroidManifest.xml:16:13-41
50            android:configChanges="orientation|keyboardHidden|keyboard|screenSize|smallestScreenSize|locale|layoutDirection|fontScale|screenLayout|density|uiMode"
50-->src\main\AndroidManifest.xml:20:13-163
51            android:exported="true"
51-->src\main\AndroidManifest.xml:17:13-36
52            android:hardwareAccelerated="true"
52-->src\main\AndroidManifest.xml:21:13-47
53            android:launchMode="singleTop"
53-->src\main\AndroidManifest.xml:18:13-43
54            android:theme="@style/LaunchTheme"
54-->src\main\AndroidManifest.xml:19:13-47
55            android:windowSoftInputMode="adjustResize" >
55-->src\main\AndroidManifest.xml:22:13-55
56            <meta-data
56-->src\main\AndroidManifest.xml:24:13-26:57
57                android:name="io.flutter.embedding.android.NormalTheme"
57-->src\main\AndroidManifest.xml:25:17-72
58                android:resource="@style/NormalTheme" />
58-->src\main\AndroidManifest.xml:26:17-54
59
60            <intent-filter>
60-->src\main\AndroidManifest.xml:28:13-31:29
61                <action android:name="android.intent.action.MAIN" />
61-->src\main\AndroidManifest.xml:29:17-69
61-->src\main\AndroidManifest.xml:29:25-66
62
63                <category android:name="android.intent.category.LAUNCHER" />
63-->src\main\AndroidManifest.xml:30:17-77
63-->src\main\AndroidManifest.xml:30:27-74
64            </intent-filter>
65        </activity>
66
67        <meta-data
67-->src\main\AndroidManifest.xml:34:9-36:33
68            android:name="flutterEmbedding"
68-->src\main\AndroidManifest.xml:35:13-44
69            android:value="2" />
69-->src\main\AndroidManifest.xml:36:13-30
70
71        <provider
71-->[:share_plus] AndroidManifest.xml:10:9-18:20
72            android:name="dev.fluttercommunity.plus.share.ShareFileProvider"
72-->[:share_plus] AndroidManifest.xml:11:13-77
73            android:authorities="com.example.iot_app.flutter.share_provider"
73-->[:share_plus] AndroidManifest.xml:12:13-74
74            android:exported="false"
74-->[:share_plus] AndroidManifest.xml:13:13-37
75            android:grantUriPermissions="true" >
75-->[:share_plus] AndroidManifest.xml:14:13-47
76            <meta-data
76-->[:share_plus] AndroidManifest.xml:15:13-17:68
77                android:name="android.support.FILE_PROVIDER_PATHS"
77-->[:share_plus] AndroidManifest.xml:16:17-67
78                android:resource="@xml/flutter_share_file_paths" />
78-->[:share_plus] AndroidManifest.xml:17:17-65
79        </provider>
80
81        <activity
81-->[:url_launcher_android] AndroidManifest.xml:10:9-13:74
82            android:name="io.flutter.plugins.urllauncher.WebViewActivity"
82-->[:url_launcher_android] AndroidManifest.xml:11:13-74
83            android:exported="false"
83-->[:url_launcher_android] AndroidManifest.xml:12:13-37
84            android:theme="@android:style/Theme.NoTitleBar.Fullscreen" />
84-->[:url_launcher_android] AndroidManifest.xml:13:13-71
85
86        <uses-library
86-->[androidx.window:window:1.0.0-beta04] AndroidManifest.xml:25:9-27:40
87            android:name="androidx.window.extensions"
87-->[androidx.window:window:1.0.0-beta04] AndroidManifest.xml:26:13-54
88            android:required="false" />
88-->[androidx.window:window:1.0.0-beta04] AndroidManifest.xml:27:13-37
89        <uses-library
89-->[androidx.window:window:1.0.0-beta04] AndroidManifest.xml:28:9-30:40
90            android:name="androidx.window.sidecar"
90-->[androidx.window:window:1.0.0-beta04] AndroidManifest.xml:29:13-51
91            android:required="false" />
91-->[androidx.window:window:1.0.0-beta04] AndroidManifest.xml:30:13-37
92
93        <provider
93-->[androidx.emoji2:emoji2:1.0.0] AndroidManifest.xml:26:9-34:20
94            android:name="androidx.startup.InitializationProvider"
94-->[androidx.emoji2:emoji2:1.0.0] AndroidManifest.xml:27:13-67
95            android:authorities="com.example.iot_app.androidx-startup"
95-->[androidx.emoji2:emoji2:1.0.0] AndroidManifest.xml:28:13-68
96            android:exported="false" >
96-->[androidx.emoji2:emoji2:1.0.0] AndroidManifest.xml:29:13-37
97            <meta-data
97-->[androidx.emoji2:emoji2:1.0.0] AndroidManifest.xml:31:13-33:52
98                android:name="androidx.emoji2.text.EmojiCompatInitializer"
98-->[androidx.emoji2:emoji2:1.0.0] AndroidManifest.xml:32:17-75
99                android:value="androidx.startup" />
99-->[androidx.emoji2:emoji2:1.0.0] AndroidManifest.xml:33:17-49
100            <meta-data
100-->[androidx.lifecycle:lifecycle-process:2.4.0] AndroidManifest.xml:31:13-33:52
101                android:name="androidx.lifecycle.ProcessLifecycleInitializer"
101-->[androidx.lifecycle:lifecycle-process:2.4.0] AndroidManifest.xml:32:17-78
102                android:value="androidx.startup" />
102-->[androidx.lifecycle:lifecycle-process:2.4.0] AndroidManifest.xml:33:17-49
103        </provider>
104
105        <activity
105-->[com.journeyapps:zxing-android-embedded:4.3.0] AndroidManifest.xml:47:9-53:63
106            android:name="com.journeyapps.barcodescanner.CaptureActivity"
106-->[com.journeyapps:zxing-android-embedded:4.3.0] AndroidManifest.xml:48:13-74
107            android:clearTaskOnLaunch="true"
107-->[com.journeyapps:zxing-android-embedded:4.3.0] AndroidManifest.xml:49:13-45
108            android:screenOrientation="sensorLandscape"
108-->[com.journeyapps:zxing-android-embedded:4.3.0] AndroidManifest.xml:50:13-56
109            android:stateNotNeeded="true"
109-->[com.journeyapps:zxing-android-embedded:4.3.0] AndroidManifest.xml:51:13-42
110            android:theme="@style/zxing_CaptureTheme"
110-->[com.journeyapps:zxing-android-embedded:4.3.0] AndroidManifest.xml:52:13-54
111            android:windowSoftInputMode="stateAlwaysHidden" />
111-->[com.journeyapps:zxing-android-embedded:4.3.0] AndroidManifest.xml:53:13-60
112    </application>
113
114</manifest>